This is pdfTeX, Version 3.141592653-2.6-1.40.24 (TeX Live 2022) (preloaded format=pdflatex 2023.3.29)  11 MAY 2023 12:47
entering extended mode
 restricted \write18 enabled.
 %&-line parsing enabled.
**/Users/mahamilton/Documents/WIP/ready4/Code/Modelling/Programs/ttu_cs_aqol_chu_csp/Data/Fake/Reports/Manuscript_Auto/Manuscript.tex
(/Users/mahamilton/Documents/WIP/ready4/Code/Modelling/Programs/ttu_cs_aqol_chu_csp/Data/Fake/Reports/Manuscript_Auto/Manuscript.tex
LaTeX2e <2022-11-01> patch level 1
L3 programming layer <2023-02-22> (/Users/mahamilton/Library/TinyTeX/texmf-dist/tex/latex/base/article.cls
Document Class: article 2022/07/02 v1.4n Standard LaTeX document class
(/Users/mahamilton/Library/TinyTeX/texmf-dist/tex/latex/base/size10.clo
File: size10.clo 2022/07/02 v1.4n Standard LaTeX file (size option)
)
\c@part=\count185
\c@section=\count186
\c@subsection=\count187
\c@subsubsection=\count188
\c@paragraph=\count189
\c@subparagraph=\count190
\c@figure=\count191
\c@table=\count192
\abovecaptionskip=\skip48
\belowcaptionskip=\skip49
\bibindent=\dimen140
) (/Users/mahamilton/Library/TinyTeX/texmf-dist/tex/latex/amsmath/amsmath.sty
Package: amsmath 2022/04/08 v2.17n AMS math features
\@mathmargin=\skip50
For additional information on amsmath, use the `?' option.
(/Users/mahamilton/Library/TinyTeX/texmf-dist/tex/latex/amsmath/amstext.sty
Package: amstext 2021/08/26 v2.01 AMS text
(/Users/mahamilton/Library/TinyTeX/texmf-dist/tex/latex/amsmath/amsgen.sty
File: amsgen.sty 1999/11/30 v2.0 generic functions
\@emptytoks=\toks16
\ex@=\dimen141
)) (/Users/mahamilton/Library/TinyTeX/texmf-dist/tex/latex/amsmath/amsbsy.sty
Package: amsbsy 1999/11/29 v1.2d Bold Symbols
\pmbraise@=\dimen142
) (/Users/mahamilton/Library/TinyTeX/texmf-dist/tex/latex/amsmath/amsopn.sty
Package: amsopn 2022/04/08 v2.04 operator names
)
\inf@bad=\count193
LaTeX Info: Redefining \frac on input line 234.
\uproot@=\count194
\leftroot@=\count195
LaTeX Info: Redefining \overline on input line 399.
LaTeX Info: Redefining \colon on input line 410.
\classnum@=\count196
\DOTSCASE@=\count197
LaTeX Info: Redefining \ldots on input line 496.
LaTeX Info: Redefining \dots on input line 499.
LaTeX Info: Redefining \cdots on input line 620.
\Mathstrutbox@=\box51
\strutbox@=\box52
LaTeX Info: Redefining \big on input line 722.
LaTeX Info: Redefining \Big on input line 723.
LaTeX Info: Redefining \bigg on input line 724.
LaTeX Info: Redefining \Bigg on input line 725.
\big@size=\dimen143
LaTeX Font Info:    Redeclaring font encoding OML on input line 743.
LaTeX Font Info:    Redeclaring font encoding OMS on input line 744.
\macc@depth=\count198
LaTeX Info: Redefining \bmod on input line 905.
LaTeX Info: Redefining \pmod on input line 910.
LaTeX Info: Redefining \smash on input line 940.
LaTeX Info: Redefining \relbar on input line 970.
LaTeX Info: Redefining \Relbar on input line 971.
\c@MaxMatrixCols=\count199
\dotsspace@=\muskip16
\c@parentequation=\count266
\dspbrk@lvl=\count267
\tag@help=\toks17
\row@=\count268
\column@=\count269
\maxfields@=\count270
\andhelp@=\toks18
\eqnshift@=\dimen144
\alignsep@=\dimen145
\tagshift@=\dimen146
\tagwidth@=\dimen147
\totwidth@=\dimen148
\lineht@=\dimen149
\@envbody=\toks19
\multlinegap=\skip51
\multlinetaggap=\skip52
\mathdisplay@stack=\toks20
LaTeX Info: Redefining \[ on input line 2953.
LaTeX Info: Redefining \] on input line 2954.
) (/Users/mahamilton/Library/TinyTeX/texmf-dist/tex/latex/amsfonts/amssymb.sty
Package: amssymb 2013/01/14 v3.01 AMS font symbols
(/Users/mahamilton/Library/TinyTeX/texmf-dist/tex/latex/amsfonts/amsfonts.sty
Package: amsfonts 2013/01/14 v3.01 Basic AMSFonts support
\symAMSa=\mathgroup4
\symAMSb=\mathgroup5
LaTeX Font Info:    Redeclaring math symbol \hbar on input line 98.
LaTeX Font Info:    Overwriting math alphabet `\mathfrak' in version `bold'
(Font)                  U/euf/m/n --> U/euf/b/n on input line 106.
)) (/Users/mahamilton/Library/TinyTeX/texmf-dist/tex/latex/lm/lmodern.sty
Package: lmodern 2015/05/01 v1.6.1 Latin Modern Fonts
LaTeX Font Info:    Overwriting symbol font `operators' in version `normal'
(Font)                  OT1/cmr/m/n --> OT1/lmr/m/n on input line 22.
LaTeX Font Info:    Overwriting symbol font `letters' in version `normal'
(Font)                  OML/cmm/m/it --> OML/lmm/m/it on input line 23.
LaTeX Font Info:    Overwriting symbol font `symbols' in version `normal'
(Font)                  OMS/cmsy/m/n --> OMS/lmsy/m/n on input line 24.
LaTeX Font Info:    Overwriting symbol font `largesymbols' in version `normal'
(Font)                  OMX/cmex/m/n --> OMX/lmex/m/n on input line 25.
LaTeX Font Info:    Overwriting symbol font `operators' in version `bold'
(Font)                  OT1/cmr/bx/n --> OT1/lmr/bx/n on input line 26.
LaTeX Font Info:    Overwriting symbol font `letters' in version `bold'
(Font)                  OML/cmm/b/it --> OML/lmm/b/it on input line 27.
LaTeX Font Info:    Overwriting symbol font `symbols' in version `bold'
(Font)                  OMS/cmsy/b/n --> OMS/lmsy/b/n on input line 28.
LaTeX Font Info:    Overwriting symbol font `largesymbols' in version `bold'
(Font)                  OMX/cmex/m/n --> OMX/lmex/m/n on input line 29.
LaTeX Font Info:    Overwriting math alphabet `\mathbf' in version `normal'
(Font)                  OT1/cmr/bx/n --> OT1/lmr/bx/n on input line 31.
LaTeX Font Info:    Overwriting math alphabet `\mathsf' in version `normal'
(Font)                  OT1/cmss/m/n --> OT1/lmss/m/n on input line 32.
LaTeX Font Info:    Overwriting math alphabet `\mathit' in version `normal'
(Font)                  OT1/cmr/m/it --> OT1/lmr/m/it on input line 33.
LaTeX Font Info:    Overwriting math alphabet `\mathtt' in version `normal'
(Font)                  OT1/cmtt/m/n --> OT1/lmtt/m/n on input line 34.
LaTeX Font Info:    Overwriting math alphabet `\mathbf' in version `bold'
(Font)                  OT1/cmr/bx/n --> OT1/lmr/bx/n on input line 35.
LaTeX Font Info:    Overwriting math alphabet `\mathsf' in version `bold'
(Font)                  OT1/cmss/bx/n --> OT1/lmss/bx/n on input line 36.
LaTeX Font Info:    Overwriting math alphabet `\mathit' in version `bold'
(Font)                  OT1/cmr/bx/it --> OT1/lmr/bx/it on input line 37.
LaTeX Font Info:    Overwriting math alphabet `\mathtt' in version `bold'
(Font)                  OT1/cmtt/m/n --> OT1/lmtt/m/n on input line 38.
) (/Users/mahamilton/Library/TinyTeX/texmf-dist/tex/generic/iftex/iftex.sty
Package: iftex 2022/02/03 v1.0f TeX engine tests
) (/Users/mahamilton/Library/TinyTeX/texmf-dist/tex/latex/base/fontenc.sty
Package: fontenc 2021/04/29 v2.0v Standard LaTeX package
LaTeX Font Info:    Trying to load font information for T1+lmr on input line 112.
(/Users/mahamilton/Library/TinyTeX/texmf-dist/tex/latex/lm/t1lmr.fd
File: t1lmr.fd 2015/05/01 v1.6.1 Font defs for Latin Modern
)) (/Users/mahamilton/Library/TinyTeX/texmf-dist/tex/latex/base/inputenc.sty
Package: inputenc 2021/02/14 v1.3d Input encoding file
\inpenc@prehook=\toks21
\inpenc@posthook=\toks22
) (/Users/mahamilton/Library/TinyTeX/texmf-dist/tex/latex/base/textcomp.sty
Package: textcomp 2020/02/02 v2.0n Standard LaTeX package
) (/Users/mahamilton/Library/TinyTeX/texmf-dist/tex/latex/microtype/microtype.sty
Package: microtype 2023/03/13 v3.1a Micro-typographical refinements (RS)
(/Users/mahamilton/Library/TinyTeX/texmf-dist/tex/latex/graphics/keyval.sty
Package: keyval 2022/05/29 v1.15 key=value parser (DPC)
\KV@toks@=\toks23
) (/Users/mahamilton/Library/TinyTeX/texmf-dist/tex/latex/etoolbox/etoolbox.sty
Package: etoolbox 2020/10/05 v2.5k e-TeX tools for LaTeX (JAW)
\etb@tempcnta=\count271
)
\MT@toks=\toks24
\MT@tempbox=\box53
\MT@count=\count272
LaTeX Info: Redefining \noprotrusionifhmode on input line 1059.
LaTeX Info: Redefining \leftprotrusion on input line 1060.
\MT@prot@toks=\toks25
LaTeX Info: Redefining \rightprotrusion on input line 1078.
LaTeX Info: Redefining \textls on input line 1368.
\MT@outer@kern=\dimen150
LaTeX Info: Redefining \textmicrotypecontext on input line 1988.
\MT@listname@count=\count273
(/Users/mahamilton/Library/TinyTeX/texmf-dist/tex/latex/microtype/microtype-pdftex.def
File: microtype-pdftex.def 2023/03/13 v3.1a Definitions specific to pdftex (RS)
LaTeX Info: Redefining \lsstyle on input line 902.
LaTeX Info: Redefining \lslig on input line 902.
\MT@outer@space=\skip53
)
Package microtype Info: Loading configuration file microtype.cfg.
(/Users/mahamilton/Library/TinyTeX/texmf-dist/tex/latex/microtype/microtype.cfg
File: microtype.cfg 2023/03/13 v3.1a microtype main configuration file (RS)
)) (/Users/mahamilton/Library/TinyTeX/texmf-dist/tex/latex/parskip/parskip.sty
Package: parskip 2021-03-14 v2.0h non-zero parskip adjustments
(/Users/mahamilton/Library/TinyTeX/texmf-dist/tex/latex/kvoptions/kvoptions.sty
Package: kvoptions 2022-06-15 v3.15 Key value format for package options (HO)
(/Users/mahamilton/Library/TinyTeX/texmf-dist/tex/generic/ltxcmds/ltxcmds.sty
Package: ltxcmds 2020-05-10 v1.25 LaTeX kernel commands for general use (HO)
) (/Users/mahamilton/Library/TinyTeX/texmf-dist/tex/latex/kvsetkeys/kvsetkeys.sty
Package: kvsetkeys 2022-10-05 v1.19 Key value parser (HO)
))) (/Users/mahamilton/Library/TinyTeX/texmf-dist/tex/latex/xcolor/xcolor.sty
Package: xcolor 2022/06/12 v2.14 LaTeX color extensions (UK)
(/Users/mahamilton/Library/TinyTeX/texmf-dist/tex/latex/graphics-cfg/color.cfg
File: color.cfg 2016/01/02 v1.6 sample color configuration
)
Package xcolor Info: Driver file: pdftex.def on input line 227.
(/Users/mahamilton/Library/TinyTeX/texmf-dist/tex/latex/graphics-def/pdftex.def
File: pdftex.def 2022/09/22 v1.2b Graphics/color driver for pdftex
) (/Users/mahamilton/Library/TinyTeX/texmf-dist/tex/latex/graphics/mathcolor.ltx)
Package xcolor Info: Model `cmy' substituted by `cmy0' on input line 1353.
Package xcolor Info: Model `hsb' substituted by `rgb' on input line 1357.
Package xcolor Info: Model `RGB' extended on input line 1369.
Package xcolor Info: Model `HTML' substituted by `rgb' on input line 1371.
Package xcolor Info: Model `Hsb' substituted by `hsb' on input line 1372.
Package xcolor Info: Model `tHsb' substituted by `hsb' on input line 1373.
Package xcolor Info: Model `HSB' substituted by `hsb' on input line 1374.
Package xcolor Info: Model `Gray' substituted by `gray' on input line 1375.
Package xcolor Info: Model `wave' substituted by `hsb' on input line 1376.
) (/Users/mahamilton/Library/TinyTeX/texmf-dist/tex/latex/geometry/geometry.sty
Package: geometry 2020/01/02 v5.9 Page Geometry
(/Users/mahamilton/Library/TinyTeX/texmf-dist/tex/generic/iftex/ifvtex.sty
Package: ifvtex 2019/10/25 v1.7 ifvtex legacy package. Use iftex instead.
)
\Gm@cnth=\count274
\Gm@cntv=\count275
\c@Gm@tempcnt=\count276
\Gm@bindingoffset=\dimen151
\Gm@wd@mp=\dimen152
\Gm@odd@mp=\dimen153
\Gm@even@mp=\dimen154
\Gm@layoutwidth=\dimen155
\Gm@layoutheight=\dimen156
\Gm@layouthoffset=\dimen157
\Gm@layoutvoffset=\dimen158
\Gm@dimlist=\toks26
) (/Users/mahamilton/Library/TinyTeX/texmf-dist/tex/latex/tools/longtable.sty
Package: longtable 2021-09-01 v4.17 Multi-page Table package (DPC)
\LTleft=\skip54
\LTright=\skip55
\LTpre=\skip56
\LTpost=\skip57
\LTchunksize=\count277
\LTcapwidth=\dimen159
\LT@head=\box54
\LT@firsthead=\box55
\LT@foot=\box56
\LT@lastfoot=\box57
\LT@gbox=\box58
\LT@cols=\count278
\LT@rows=\count279
\c@LT@tables=\count280
\c@LT@chunks=\count281
\LT@p@ftn=\toks27
) (/Users/mahamilton/Library/TinyTeX/texmf-dist/tex/latex/booktabs/booktabs.sty
Package: booktabs 2020/01/12 v1.61803398 Publication quality tables
\heavyrulewidth=\dimen160
\lightrulewidth=\dimen161
\cmidrulewidth=\dimen162
\belowrulesep=\dimen163
\belowbottomsep=\dimen164
\aboverulesep=\dimen165
\abovetopsep=\dimen166
\cmidrulesep=\dimen167
\cmidrulekern=\dimen168
\defaultaddspace=\dimen169
\@cmidla=\count282
\@cmidlb=\count283
\@aboverulesep=\dimen170
\@belowrulesep=\dimen171
\@thisruleclass=\count284
\@lastruleclass=\count285
\@thisrulewidth=\dimen172
) (/Users/mahamilton/Library/TinyTeX/texmf-dist/tex/latex/tools/array.sty
Package: array 2022/09/04 v2.5g Tabular extension package (FMi)
\col@sep=\dimen173
\ar@mcellbox=\box59
\extrarowheight=\dimen174
\NC@list=\toks28
\extratabsurround=\skip58
\backup@length=\skip59
\ar@cellbox=\box60
) (/Users/mahamilton/Library/TinyTeX/texmf-dist/tex/latex/tools/calc.sty
Package: calc 2017/05/25 v4.3 Infix arithmetic (KKT,FJ)
\calc@Acount=\count286
\calc@Bcount=\count287
\calc@Adimen=\dimen175
\calc@Bdimen=\dimen176
\calc@Askip=\skip60
\calc@Bskip=\skip61
LaTeX Info: Redefining \setlength on input line 80.
LaTeX Info: Redefining \addtolength on input line 81.
\calc@Ccount=\count288
\calc@Cskip=\skip62
) (/Users/mahamilton/Library/TinyTeX/texmf-dist/tex/latex/mdwtools/footnote.sty
Package: footnote 1997/01/28 1.13 Save footnotes around boxes
\fn@notes=\box61
\fn@width=\dimen177
) (/Users/mahamilton/Library/TinyTeX/texmf-dist/tex/latex/graphics/graphicx.sty
Package: graphicx 2021/09/16 v1.2d Enhanced LaTeX Graphics (DPC,SPQR)
(/Users/mahamilton/Library/TinyTeX/texmf-dist/tex/latex/graphics/graphics.sty
Package: graphics 2022/03/10 v1.4e Standard LaTeX Graphics (DPC,SPQR)
(/Users/mahamilton/Library/TinyTeX/texmf-dist/tex/latex/graphics/trig.sty
Package: trig 2021/08/11 v1.11 sin cos tan (DPC)
) (/Users/mahamilton/Library/TinyTeX/texmf-dist/tex/latex/graphics-cfg/graphics.cfg
File: graphics.cfg 2016/06/04 v1.11 sample graphics configuration
)
Package graphics Info: Driver file: pdftex.def on input line 107.
)
\Gin@req@height=\dimen178
\Gin@req@width=\dimen179
)
\cslhangindent=\skip63
\csllabelwidth=\skip64
\cslentryspacingunit=\skip65
(/Users/mahamilton/Library/TinyTeX/texmf-dist/tex/latex/float/float.sty
Package: float 2001/11/08 v1.3d Float enhancements (AL)
\c@float@type=\count289
\float@exts=\toks29
\float@box=\box62
\@float@everytoks=\toks30
\@floatcapt=\box63
) (/Users/mahamilton/Library/TinyTeX/texmf-dist/tex/latex/graphics/lscape.sty
Package: lscape 2020/05/28 v3.02 Landscape Pages (DPC)
) (/Users/mahamilton/Library/TinyTeX/texmf-dist/tex/latex/multirow/multirow.sty
Package: multirow 2021/03/15 v2.8 Span multiple rows of a table
\multirow@colwidth=\skip66
\multirow@cntb=\count290
\multirow@dima=\skip67
\bigstrutjot=\dimen180
) (/Users/mahamilton/Library/TinyTeX/texmf-dist/tex/latex/wrapfig/wrapfig.sty
\wrapoverhang=\dimen181
\WF@size=\dimen182
\c@WF@wrappedlines=\count291
\WF@box=\box64
\WF@everypar=\toks31
Package: wrapfig 2003/01/31  v 3.6
) (/Users/mahamilton/Library/TinyTeX/texmf-dist/tex/latex/colortbl/colortbl.sty
Package: colortbl 2022/06/20 v1.0f Color table columns (DPC)
\everycr=\toks32
\minrowclearance=\skip68
\rownum=\count292
) (/Users/mahamilton/Library/TinyTeX/texmf-dist/tex/latex/pdflscape/pdflscape.sty
Package: pdflscape 2022-10-27 v0.13 Display of landscape pages in PDF
(/Users/mahamilton/Library/TinyTeX/texmf-dist/tex/latex/pdflscape/pdflscape-nometadata.sty
Package: pdflscape-nometadata 2022-10-28 v0.13 Display of landscape pages in PDF (HO)
Package pdflscape Info: Auto-detected driver: pdftex on input line 81.
)) (/Users/mahamilton/Library/TinyTeX/texmf-dist/tex/latex/tabu/tabu.sty
Package: tabu 2019/01/11 v2.9 - flexible LaTeX tabulars (FC+tabu-fixed)
(/Users/mahamilton/Library/TinyTeX/texmf-dist/tex/latex/varwidth/varwidth.sty
Package: varwidth 2009/03/30 ver 0.92;  Variable-width minipages
\@vwid@box=\box65
\sift@deathcycles=\count293
\@vwid@loff=\dimen183
\@vwid@roff=\dimen184
)
\c@taburow=\count294
\tabu@nbcols=\count295
\tabu@cnt=\count296
\tabu@Xcol=\count297
\tabu@alloc=\count298
\tabu@nested=\count299
\tabu@target=\dimen185
\tabu@spreadtarget=\dimen186
\tabu@naturalX=\dimen187
\tabucolX=\dimen188
\tabu@Xsum=\dimen189
\extrarowdepth=\dimen190
\abovetabulinesep=\dimen191
\belowtabulinesep=\dimen192
\tabustrutrule=\dimen193
\tabu@thebody=\toks33
\tabu@footnotes=\toks34
\tabu@box=\box66
\tabu@arstrutbox=\box67
\tabu@hleads=\box68
\tabu@vleads=\box69
\tabu@cellskip=\skip69
) (/Users/mahamilton/Library/TinyTeX/texmf-dist/tex/latex/threeparttable/threeparttable.sty
Package: threeparttable 2003/06/13  v 3.0
\@tempboxb=\box70
) (/Users/mahamilton/Library/TinyTeX/texmf-dist/tex/latex/threeparttablex/threeparttablex.sty
Package: threeparttablex 2013/07/23 v0.3 by daleif
(/Users/mahamilton/Library/TinyTeX/texmf-dist/tex/latex/environ/environ.sty
Package: environ 2014/05/04 v0.3 A new way to define environments
(/Users/mahamilton/Library/TinyTeX/texmf-dist/tex/latex/trimspaces/trimspaces.sty
Package: trimspaces 2009/09/17 v1.1 Trim spaces around a token list
))
\TPTL@width=\skip70
) (/Users/mahamilton/Library/TinyTeX/texmf-dist/tex/generic/ulem/ulem.sty
\UL@box=\box71
\UL@hyphenbox=\box72
\UL@skip=\skip71
\UL@hook=\toks35
\UL@height=\dimen194
\UL@pe=\count300
\UL@pixel=\dimen195
\ULC@box=\box73
Package: ulem 2019/11/18
\ULdepth=\dimen196
) (/Users/mahamilton/Library/TinyTeX/texmf-dist/tex/latex/makecell/makecell.sty
Package: makecell 2009/08/03 V0.1e Managing of Tab Column Heads and Cells
\rotheadsize=\dimen197
\c@nlinenum=\count301
\TeXr@lab=\toks36
) (/Users/mahamilton/Library/TinyTeX/texmf-dist/tex/latex/hyperref/hyperref.sty
Package: hyperref 2023-02-07 v7.00v Hypertext links for LaTeX
(/Users/mahamilton/Library/TinyTeX/texmf-dist/tex/generic/pdftexcmds/pdftexcmds.sty
Package: pdftexcmds 2020-06-27 v0.33 Utility functions of pdfTeX for LuaTeX (HO)
(/Users/mahamilton/Library/TinyTeX/texmf-dist/tex/generic/infwarerr/infwarerr.sty
Package: infwarerr 2019/12/03 v1.5 Providing info/warning/error messages (HO)
)
Package pdftexcmds Info: \pdf@primitive is available.
Package pdftexcmds Info: \pdf@ifprimitive is available.
Package pdftexcmds Info: \pdfdraftmode found.
) (/Users/mahamilton/Library/TinyTeX/texmf-dist/tex/generic/kvdefinekeys/kvdefinekeys.sty
Package: kvdefinekeys 2019-12-19 v1.6 Define keys (HO)
) (/Users/mahamilton/Library/TinyTeX/texmf-dist/tex/generic/pdfescape/pdfescape.sty
Package: pdfescape 2019/12/09 v1.15 Implements pdfTeX's escape features (HO)
) (/Users/mahamilton/Library/TinyTeX/texmf-dist/tex/latex/hycolor/hycolor.sty
Package: hycolor 2020-01-27 v1.10 Color options for hyperref/bookmark (HO)
) (/Users/mahamilton/Library/TinyTeX/texmf-dist/tex/latex/letltxmacro/letltxmacro.sty
Package: letltxmacro 2019/12/03 v1.6 Let assignment for LaTeX macros (HO)
) (/Users/mahamilton/Library/TinyTeX/texmf-dist/tex/latex/auxhook/auxhook.sty
Package: auxhook 2019-12-17 v1.6 Hooks for auxiliary files (HO)
) (/Users/mahamilton/Library/TinyTeX/texmf-dist/tex/latex/hyperref/nameref.sty
Package: nameref 2022-05-17 v2.50 Cross-referencing by name of section
(/Users/mahamilton/Library/TinyTeX/texmf-dist/tex/latex/refcount/refcount.sty
Package: refcount 2019/12/15 v3.6 Data extraction from label references (HO)
) (/Users/mahamilton/Library/TinyTeX/texmf-dist/tex/generic/gettitlestring/gettitlestring.sty
Package: gettitlestring 2019/12/15 v1.6 Cleanup title references (HO)
)
\c@section@level=\count302
)
\@linkdim=\dimen198
\Hy@linkcounter=\count303
\Hy@pagecounter=\count304
(/Users/mahamilton/Library/TinyTeX/texmf-dist/tex/latex/hyperref/pd1enc.def
File: pd1enc.def 2023-02-07 v7.00v Hyperref: PDFDocEncoding definition (HO)
Now handling font encoding PD1 ...
... no UTF-8 mapping file for font encoding PD1
) (/Users/mahamilton/Library/TinyTeX/texmf-dist/tex/generic/intcalc/intcalc.sty
Package: intcalc 2019/12/15 v1.3 Expandable calculations with integers (HO)
) (/Users/mahamilton/Library/TinyTeX/texmf-dist/tex/generic/etexcmds/etexcmds.sty
Package: etexcmds 2019/12/15 v1.7 Avoid name clashes with e-TeX commands (HO)
)
\Hy@SavedSpaceFactor=\count305
(/Users/mahamilton/Library/TinyTeX/texmf-dist/tex/latex/hyperref/puenc.def
File: puenc.def 2023-02-07 v7.00v Hyperref: PDF Unicode definition (HO)
Now handling font encoding PU ...
... no UTF-8 mapping file for font encoding PU
)
Package hyperref Info: Option `unicode' set `true' on input line 4060.
Package hyperref Info: Hyper figures OFF on input line 4177.
Package hyperref Info: Link nesting OFF on input line 4182.
Package hyperref Info: Hyper index ON on input line 4185.
Package hyperref Info: Plain pages OFF on input line 4192.
Package hyperref Info: Backreferencing OFF on input line 4197.
Package hyperref Info: Implicit mode ON; LaTeX internals redefined.
Package hyperref Info: Bookmarks ON on input line 4425.
\c@Hy@tempcnt=\count306
(/Users/mahamilton/Library/TinyTeX/texmf-dist/tex/latex/url/url.sty
\Urlmuskip=\muskip17
Package: url 2013/09/16  ver 3.4  Verb mode for urls, etc.
)
LaTeX Info: Redefining \url on input line 4763.
\XeTeXLinkMargin=\dimen199
(/Users/mahamilton/Library/TinyTeX/texmf-dist/tex/generic/bitset/bitset.sty
Package: bitset 2019/12/09 v1.3 Handle bit-vector datatype (HO)
(/Users/mahamilton/Library/TinyTeX/texmf-dist/tex/generic/bigintcalc/bigintcalc.sty
Package: bigintcalc 2019/12/15 v1.5 Expandable calculations on big integers (HO)
))
\Fld@menulength=\count307
\Field@Width=\dimen256
\Fld@charsize=\dimen257
Package hyperref Info: Hyper figures OFF on input line 6042.
Package hyperref Info: Link nesting OFF on input line 6047.
Package hyperref Info: Hyper index ON on input line 6050.
Package hyperref Info: backreferencing OFF on input line 6057.
Package hyperref Info: Link coloring OFF on input line 6062.
Package hyperref Info: Link coloring with OCG OFF on input line 6067.
Package hyperref Info: PDF/A mode OFF on input line 6072.
(/Users/mahamilton/Library/TinyTeX/texmf-dist/tex/latex/base/atbegshi-ltx.sty
Package: atbegshi-ltx 2021/01/10 v1.0c Emulation of the original atbegshi
package with kernel methods
)
\Hy@abspage=\count308
\c@Item=\count309
\c@Hfootnote=\count310
)
Package hyperref Info: Driver (autodetected): hpdftex.
(/Users/mahamilton/Library/TinyTeX/texmf-dist/tex/latex/hyperref/hpdftex.def
File: hpdftex.def 2023-02-07 v7.00v Hyperref driver for pdfTeX
(/Users/mahamilton/Library/TinyTeX/texmf-dist/tex/latex/base/atveryend-ltx.sty
Package: atveryend-ltx 2020/08/19 v1.0a Emulation of the original atveryend package
with kernel methods
)
\Fld@listcount=\count311
\c@bookmark@seq@number=\count312
(/Users/mahamilton/Library/TinyTeX/texmf-dist/tex/latex/rerunfilecheck/rerunfilecheck.sty
Package: rerunfilecheck 2022-07-10 v1.10 Rerun checks for auxiliary files (HO)
(/Users/mahamilton/Library/TinyTeX/texmf-dist/tex/generic/uniquecounter/uniquecounter.sty
Package: uniquecounter 2019/12/15 v1.4 Provide unlimited unique counter (HO)
)
Package uniquecounter Info: New unique counter `rerunfilecheck' on input line 285.
)
\Hy@SectionHShift=\skip72
) (/Users/mahamilton/Library/TinyTeX/texmf-dist/tex/latex/l3backend/l3backend-pdftex.def
File: l3backend-pdftex.def 2023-01-16 L3 backend support: PDF output (pdfTeX)
\l__color_backend_stack_int=\count313
\l__pdf_internal_box=\box74
) (./Manuscript.aux)
\openout1 = `Manuscript.aux'.

LaTeX Font Info:    Checking defaults for OML/cmm/m/it on input line 142.
LaTeX Font Info:    ... okay on input line 142.
LaTeX Font Info:    Checking defaults for OMS/cmsy/m/n on input line 142.
LaTeX Font Info:    ... okay on input line 142.
LaTeX Font Info:    Checking defaults for OT1/cmr/m/n on input line 142.
LaTeX Font Info:    ... okay on input line 142.
LaTeX Font Info:    Checking defaults for T1/cmr/m/n on input line 142.
LaTeX Font Info:    ... okay on input line 142.
LaTeX Font Info:    Checking defaults for TS1/cmr/m/n on input line 142.
LaTeX Font Info:    ... okay on input line 142.
LaTeX Font Info:    Checking defaults for OMX/cmex/m/n on input line 142.
LaTeX Font Info:    ... okay on input line 142.
LaTeX Font Info:    Checking defaults for U/cmr/m/n on input line 142.
LaTeX Font Info:    ... okay on input line 142.
LaTeX Font Info:    Checking defaults for PD1/pdf/m/n on input line 142.
LaTeX Font Info:    ... okay on input line 142.
LaTeX Font Info:    Checking defaults for PU/pdf/m/n on input line 142.
LaTeX Font Info:    ... okay on input line 142.
LaTeX Info: Redefining \microtypecontext on input line 142.
Package microtype Info: Applying patch `item' on input line 142.
Package microtype Info: Applying patch `toc' on input line 142.
Package microtype Info: Applying patch `eqnum' on input line 142.
Package microtype Info: Applying patch `footnote' on input line 142.
Package microtype Info: Applying patch `verbatim' on input line 142.
Package microtype Info: Generating PDF output.
Package microtype Info: Character protrusion enabled (level 2).
Package microtype Info: Using protrusion set `basicmath'.
Package microtype Info: Automatic font expansion enabled (level 2),
(microtype)             stretch: 20, shrink: 20, step: 1, non-selected.
Package microtype Info: Using default expansion set `alltext-nott'.
LaTeX Info: Redefining \showhyphens on input line 142.
Package microtype Info: No adjustment of tracking.
Package microtype Info: No adjustment of interword spacing.
Package microtype Info: No adjustment of character kerning.
(/Users/mahamilton/Library/TinyTeX/texmf-dist/tex/latex/microtype/mt-cmr.cfg
File: mt-cmr.cfg 2013/05/19 v2.2 microtype config. file: Computer Modern Roman (RS)
) (/Users/mahamilton/Library/TinyTeX/texmf-dist/tex/latex/epstopdf-pkg/epstopdf-base.sty
Package: epstopdf-base 2020-01-24 v2.11 Base part for package epstopdf
Package epstopdf-base Info: Redefining graphics rule for `.eps' on input line 485.
(/Users/mahamilton/Library/TinyTeX/texmf-dist/tex/latex/latexconfig/epstopdf-sys.cfg
File: epstopdf-sys.cfg 2010/07/13 v1.3 Configuration of (r)epstopdf for TeX Live
))
*geometry* driver: auto-detecting
*geometry* detected driver: pdftex
*geometry* verbose mode - [ preamble ] result:
* driver: pdftex
* paper: <default>
* layout: <same size as paper>
* layoutoffset:(h,v)=(0.0pt,0.0pt)
* modes: 
* h-part:(L,W,R)=(72.26999pt, 469.75502pt, 72.26999pt)
* v-part:(T,H,B)=(72.26999pt, 650.43001pt, 72.26999pt)
* \paperwidth=614.295pt
* \paperheight=794.96999pt
* \textwidth=469.75502pt
* \textheight=650.43001pt
* \oddsidemargin=0.0pt
* \evensidemargin=0.0pt
* \topmargin=-37.0pt
* \headheight=12.0pt
* \headsep=25.0pt
* \topskip=10.0pt
* \footskip=30.0pt
* \marginparwidth=65.0pt
* \marginparsep=11.0pt
* \columnsep=10.0pt
* \skip\footins=9.0pt plus 4.0pt minus 2.0pt
* \hoffset=0.0pt
* \voffset=0.0pt
* \mag=1000
* \@twocolumnfalse
* \@twosidefalse
* \@mparswitchfalse
* \@reversemarginfalse
* (1in=72.27pt=25.4mm, 1cm=28.453pt)

Package hyperref Info: Link coloring OFF on input line 142.
(./Manuscript.out) (./Manuscript.out)
\@outlinefile=\write3
\openout3 = `Manuscript.out'.

LaTeX Font Info:    Trying to load font information for OT1+lmr on input line 144.
(/Users/mahamilton/Library/TinyTeX/texmf-dist/tex/latex/lm/ot1lmr.fd
File: ot1lmr.fd 2015/05/01 v1.6.1 Font defs for Latin Modern
)
LaTeX Font Info:    Trying to load font information for OML+lmm on input line 144.
(/Users/mahamilton/Library/TinyTeX/texmf-dist/tex/latex/lm/omllmm.fd
File: omllmm.fd 2015/05/01 v1.6.1 Font defs for Latin Modern
)
LaTeX Font Info:    Trying to load font information for OMS+lmsy on input line 144.
(/Users/mahamilton/Library/TinyTeX/texmf-dist/tex/latex/lm/omslmsy.fd
File: omslmsy.fd 2015/05/01 v1.6.1 Font defs for Latin Modern
)
LaTeX Font Info:    Trying to load font information for OMX+lmex on input line 144.
(/Users/mahamilton/Library/TinyTeX/texmf-dist/tex/latex/lm/omxlmex.fd
File: omxlmex.fd 2015/05/01 v1.6.1 Font defs for Latin Modern
)
LaTeX Font Info:    External font `lmex10' loaded for size
(Font)              <12> on input line 144.
LaTeX Font Info:    External font `lmex10' loaded for size
(Font)              <8> on input line 144.
LaTeX Font Info:    External font `lmex10' loaded for size
(Font)              <6> on input line 144.
LaTeX Font Info:    Trying to load font information for U+msa on input line 144.
(/Users/mahamilton/Library/TinyTeX/texmf-dist/tex/latex/amsfonts/umsa.fd
File: umsa.fd 2013/01/14 v3.01 AMS symbols A
) (/Users/mahamilton/Library/TinyTeX/texmf-dist/tex/latex/microtype/mt-msa.cfg
File: mt-msa.cfg 2006/02/04 v1.1 microtype config. file: AMS symbols (a) (RS)
)
LaTeX Font Info:    Trying to load font information for U+msb on input line 144.
(/Users/mahamilton/Library/TinyTeX/texmf-dist/tex/latex/amsfonts/umsb.fd
File: umsb.fd 2013/01/14 v3.01 AMS symbols B
) (/Users/mahamilton/Library/TinyTeX/texmf-dist/tex/latex/microtype/mt-msb.cfg
File: mt-msb.cfg 2005/06/01 v1.0 microtype config. file: AMS symbols (b) (RS)
)
LaTeX Font Info:    External font `lmex10' loaded for size
(Font)              <9> on input line 145.
LaTeX Font Info:    External font `lmex10' loaded for size
(Font)              <5> on input line 145.

Underfull \hbox (badness 10000) in paragraph at lines 145--146

 []


Underfull \hbox (badness 10000) in paragraph at lines 145--146

 []


Underfull \hbox (badness 10000) in paragraph at lines 145--146

 []


Underfull \hbox (badness 10000) in paragraph at lines 145--146

 []


Underfull \hbox (badness 10000) in paragraph at lines 145--146

 []


Underfull \hbox (badness 10000) in paragraph at lines 145--146

 []


Underfull \hbox (badness 10000) in paragraph at lines 145--146

 []

LaTeX Font Info:    External font `lmex10' loaded for size
(Font)              <10> on input line 148.
LaTeX Font Info:    External font `lmex10' loaded for size
(Font)              <7> on input line 148.
[1

{/Users/mahamilton/Library/TinyTeX/texmf-var/fonts/map/pdftex/updmap/pdftex.map}] [2]
Overfull \hbox (0.7834pt too wide) in paragraph at lines 245--246
[]|\T1/lmr/m/n/10 (-20) (15.000 
 []


Overfull \hbox (0.7834pt too wide) in paragraph at lines 245--246
\T1/lmr/m/n/10 (-20) 20.000)|  
 []


Overfull \hbox (7.02216pt too wide) in paragraph at lines 251--251
[]|\T1/lmr/m/n/10 (-20) 2457.000|  
 []


Overfull \hbox (13.01097pt too wide) in paragraph at lines 251--252
[]|\T1/lmr/m/n/10 (-20) (61.456%)|  
 []


Overfull \hbox (7.02216pt too wide) in paragraph at lines 253--253
[]|\T1/lmr/m/n/10 (-20) 1451.000|  
 []


Overfull \hbox (13.01097pt too wide) in paragraph at lines 253--254
[]|\T1/lmr/m/n/10 (-20) (36.293%)|  
 []


Overfull \hbox (8.11098pt too wide) in paragraph at lines 255--256
[]|\T1/lmr/m/n/10 (-20) (2.251%)|  
 []


Overfull \hbox (0.5334pt too wide) in paragraph at lines 261--262
\T1/lmr/m/n/10 (-20) 15.000)|  
 []


Overfull \hbox (0.5334pt too wide) in paragraph at lines 269--270
\T1/lmr/m/n/10 (-20) 10.000)|  
 []


Overfull \hbox (7.02216pt too wide) in paragraph at lines 275--275
[]|\T1/lmr/m/n/10 (-20) 2262.000|  
 []


Overfull \hbox (13.01097pt too wide) in paragraph at lines 275--276
[]|\T1/lmr/m/n/10 (-20) (57.926%)|  
 []


Overfull \hbox (2.12216pt too wide) in paragraph at lines 277--277
[]|\T1/lmr/m/n/10 (-20) 940.000|  
 []


Overfull \hbox (13.01097pt too wide) in paragraph at lines 277--278
[]|\T1/lmr/m/n/10 (-20) (24.072%)|  
 []


Overfull \hbox (2.12216pt too wide) in paragraph at lines 279--279
[]|\T1/lmr/m/n/10 (-20) 309.000|  
 []


Overfull \hbox (8.11098pt too wide) in paragraph at lines 279--280
[]|\T1/lmr/m/n/10 (-20) (7.913%)|  
 []


Overfull \hbox (2.12216pt too wide) in paragraph at lines 281--281
[]|\T1/lmr/m/n/10 (-20) 394.000|  
 []


Overfull \hbox (13.01097pt too wide) in paragraph at lines 281--282
[]|\T1/lmr/m/n/10 (-20) (10.090%)|  
 []


Overfull \hbox (7.02216pt too wide) in paragraph at lines 285--285
[]|\T1/lmr/m/n/10 (-20) 1514.000|  
 []


Overfull \hbox (13.01097pt too wide) in paragraph at lines 285--286
[]|\T1/lmr/m/n/10 (-20) (38.771%)|  
 []


Overfull \hbox (7.02216pt too wide) in paragraph at lines 287--287
[]|\T1/lmr/m/n/10 (-20) 2391.000|  
 []


Overfull \hbox (13.01097pt too wide) in paragraph at lines 287--288
[]|\T1/lmr/m/n/10 (-20) (61.229%)|  
 []


Overfull \hbox (8.11098pt too wide) in paragraph at lines 291--292
[]|\T1/lmr/m/n/10 (-20) (0.091%)|  
 []


Overfull \hbox (8.11098pt too wide) in paragraph at lines 293--294
[]|\T1/lmr/m/n/10 (-20) (0.788%)|  
 []


Overfull \hbox (8.11098pt too wide) in paragraph at lines 295--296
[]|\T1/lmr/m/n/10 (-20) (0.061%)|  
 []


Overfull \hbox (8.11098pt too wide) in paragraph at lines 297--298
[]|\T1/lmr/m/n/10 (-20) (0.030%)|  
 []


Overfull \hbox (8.11098pt too wide) in paragraph at lines 299--300
[]|\T1/lmr/m/n/10 (-20) (0.000%)|  
 []


Overfull \hbox (8.11098pt too wide) in paragraph at lines 301--302
[]|\T1/lmr/m/n/10 (-20) (3.002%)|  
 []


Overfull \hbox (8.11098pt too wide) in paragraph at lines 303--304
[]|\T1/lmr/m/n/10 (-20) (0.455%)|  
 []


Overfull \hbox (8.11098pt too wide) in paragraph at lines 305--306
[]|\T1/lmr/m/n/10 (-20) (0.576%)|  
 []


Overfull \hbox (8.11098pt too wide) in paragraph at lines 307--308
[]|\T1/lmr/m/n/10 (-20) (0.030%)|  
 []


Overfull \hbox (8.11098pt too wide) in paragraph at lines 309--310
[]|\T1/lmr/m/n/10 (-20) (0.030%)|  
 []


Overfull \hbox (8.11098pt too wide) in paragraph at lines 311--312
[]|\T1/lmr/m/n/10 (-20) (1.031%)|  
 []


Overfull \hbox (8.11098pt too wide) in paragraph at lines 313--314
[]|\T1/lmr/m/n/10 (-20) (1.092%)|  
 []


Overfull \hbox (2.12216pt too wide) in paragraph at lines 315--315
[]|\T1/lmr/m/n/10 (-20) 572.000|  
 []


Overfull \hbox (13.01097pt too wide) in paragraph at lines 315--316
[]|\T1/lmr/m/n/10 (-20) (17.344%)|  
 []


Overfull \hbox (8.11098pt too wide) in paragraph at lines 317--318
[]|\T1/lmr/m/n/10 (-20) (0.000%)|  
 []


Overfull \hbox (8.11098pt too wide) in paragraph at lines 319--320
[]|\T1/lmr/m/n/10 (-20) (0.788%)|  
 []


Overfull \hbox (8.11098pt too wide) in paragraph at lines 321--322
[]|\T1/lmr/m/n/10 (-20) (0.364%)|  
 []


Overfull \hbox (8.11098pt too wide) in paragraph at lines 323--324
[]|\T1/lmr/m/n/10 (-20) (0.091%)|  
 []


Overfull \hbox (2.12216pt too wide) in paragraph at lines 325--325
[]|\T1/lmr/m/n/10 (-20) 169.000|  
 []


Overfull \hbox (8.11098pt too wide) in paragraph at lines 325--326
[]|\T1/lmr/m/n/10 (-20) (5.124%)|  
 []


Overfull \hbox (2.12216pt too wide) in paragraph at lines 327--327
[]|\T1/lmr/m/n/10 (-20) 164.000|  
 []


Overfull \hbox (8.11098pt too wide) in paragraph at lines 327--328
[]|\T1/lmr/m/n/10 (-20) (4.973%)|  
 []


Overfull \hbox (2.12216pt too wide) in paragraph at lines 329--329
[]|\T1/lmr/m/n/10 (-20) 127.000|  
 []


Overfull \hbox (8.11098pt too wide) in paragraph at lines 329--330
[]|\T1/lmr/m/n/10 (-20) (3.851%)|  
 []


Overfull \hbox (8.11098pt too wide) in paragraph at lines 331--332
[]|\T1/lmr/m/n/10 (-20) (0.243%)|  
 []


Overfull \hbox (8.11098pt too wide) in paragraph at lines 333--334
[]|\T1/lmr/m/n/10 (-20) (0.758%)|  
 []


Overfull \hbox (8.11098pt too wide) in paragraph at lines 335--336
[]|\T1/lmr/m/n/10 (-20) (1.941%)|  
 []


Overfull \hbox (7.02216pt too wide) in paragraph at lines 337--337
[]|\T1/lmr/m/n/10 (-20) 1563.000|  
 []


Overfull \hbox (13.01097pt too wide) in paragraph at lines 337--338
[]|\T1/lmr/m/n/10 (-20) (47.392%)|  
 []


Overfull \hbox (8.11098pt too wide) in paragraph at lines 339--340
[]|\T1/lmr/m/n/10 (-20) (0.849%)|  
 []


Overfull \hbox (8.11098pt too wide) in paragraph at lines 341--342
[]|\T1/lmr/m/n/10 (-20) (0.061%)|  
 []


Overfull \hbox (8.11098pt too wide) in paragraph at lines 343--344
[]|\T1/lmr/m/n/10 (-20) (0.970%)|  
 []


Overfull \hbox (8.11098pt too wide) in paragraph at lines 345--346
[]|\T1/lmr/m/n/10 (-20) (0.424%)|  
 []


Overfull \hbox (8.11098pt too wide) in paragraph at lines 347--348
[]|\T1/lmr/m/n/10 (-20) (0.758%)|  
 []


Overfull \hbox (8.11098pt too wide) in paragraph at lines 349--350
[]|\T1/lmr/m/n/10 (-20) (0.121%)|  
 []


Overfull \hbox (8.11098pt too wide) in paragraph at lines 351--352
[]|\T1/lmr/m/n/10 (-20) (0.000%)|  
 []


Overfull \hbox (8.11098pt too wide) in paragraph at lines 353--354
[]|\T1/lmr/m/n/10 (-20) (0.000%)|  
 []


Overfull \hbox (8.11098pt too wide) in paragraph at lines 355--356
[]|\T1/lmr/m/n/10 (-20) (0.334%)|  
 []


Overfull \hbox (8.11098pt too wide) in paragraph at lines 357--358
[]|\T1/lmr/m/n/10 (-20) (0.910%)|  
 []


Overfull \hbox (8.11098pt too wide) in paragraph at lines 359--360
[]|\T1/lmr/m/n/10 (-20) (0.152%)|  
 []


Overfull \hbox (8.11098pt too wide) in paragraph at lines 361--362
[]|\T1/lmr/m/n/10 (-20) (1.819%)|  
 []


Overfull \hbox (8.11098pt too wide) in paragraph at lines 363--364
[]|\T1/lmr/m/n/10 (-20) (0.030%)|  
 []


Overfull \hbox (8.11098pt too wide) in paragraph at lines 365--366
[]|\T1/lmr/m/n/10 (-20) (0.182%)|  
 []


Overfull \hbox (8.11098pt too wide) in paragraph at lines 367--368
[]|\T1/lmr/m/n/10 (-20) (0.030%)|  
 []


Overfull \hbox (8.11098pt too wide) in paragraph at lines 369--370
[]|\T1/lmr/m/n/10 (-20) (0.030%)|  
 []


Overfull \hbox (8.11098pt too wide) in paragraph at lines 371--372
[]|\T1/lmr/m/n/10 (-20) (1.910%)|  
 []


Overfull \hbox (8.11098pt too wide) in paragraph at lines 373--374
[]|\T1/lmr/m/n/10 (-20) (0.030%)|  
 []


Overfull \hbox (8.11098pt too wide) in paragraph at lines 375--376
[]|\T1/lmr/m/n/10 (-20) (1.334%)|  
 []


Overfull \hbox (2.12216pt too wide) in paragraph at lines 377--377
[]|\T1/lmr/m/n/10 (-20) 700.000|  
 []


Overfull \hbox (7.02216pt too wide) in paragraph at lines 387--387
[]|\T1/lmr/m/n/10 (-20) 1070.000|  
 []


Overfull \hbox (13.01097pt too wide) in paragraph at lines 387--388
[]|\T1/lmr/m/n/10 (-20) (26.770%)|  
 []


Overfull \hbox (7.02216pt too wide) in paragraph at lines 389--389
[]|\T1/lmr/m/n/10 (-20) 2441.000|  
 []


Overfull \hbox (13.01097pt too wide) in paragraph at lines 389--390
[]|\T1/lmr/m/n/10 (-20) (61.071%)|  
 []


Overfull \hbox (2.12216pt too wide) in paragraph at lines 391--391
[]|\T1/lmr/m/n/10 (-20) 438.000|  
 []


Overfull \hbox (13.01097pt too wide) in paragraph at lines 391--392
[]|\T1/lmr/m/n/10 (-20) (10.958%)|  
 []


Overfull \hbox (8.11098pt too wide) in paragraph at lines 393--394
[]|\T1/lmr/m/n/10 (-20) (1.201%)|  
 []


Overfull \hbox (259.83072pt too wide) in paragraph at lines 237--398
 [][] 
 []


LaTeX Warning: Float too large for page by 751.97296pt on input line 398.


Overfull \hbox (4.84464pt too wide) in paragraph at lines 421--421
[]|\T1/lmr/m/n/10 (-20) (19.134)|  
 []


Overfull \hbox (2.12216pt too wide) in paragraph at lines 423--423
[]|\T1/lmr/m/n/10 (-20) 329.000|  
 []


Overfull \hbox (4.84464pt too wide) in paragraph at lines 427--427
[]|\T1/lmr/m/n/10 (-20) (14.937)|  
 []


Overfull \hbox (2.12216pt too wide) in paragraph at lines 429--429
[]|\T1/lmr/m/n/10 (-20) 700.000|  
 []

<../../../Output/_Descriptives/combined_utl.png, id=144, 1520.079pt x 939.51pt>
File: ../../../Output/_Descriptives/combined_utl.png Graphic file (type png)
<use ../../../Output/_Descriptives/combined_utl.png>
Package pdftex.def Info: ../../../Output/_Descriptives/combined_utl.png  used on input line 437.
(pdftex.def)             Requested size: 401.49693pt x 248.15182pt.
[3 <../../../Output/_Descriptives/combined_utl.png>] [4] [5] [6

]
<../../../Output/dens_and_sctr.png, id=183, 1520.079pt x 939.51pt>
File: ../../../Output/dens_and_sctr.png Graphic file (type png)
<use ../../../Output/dens_and_sctr.png>
Package pdftex.def Info: ../../../Output/dens_and_sctr.png  used on input line 509.
(pdftex.def)             Requested size: 401.49693pt x 248.15182pt.
[7

 <../../../Output/dens_and_sctr.png>] [8]
Underfull \hbox (badness 10000) in paragraph at lines 549--552

 []


Underfull \hbox (badness 10000) in paragraph at lines 553--556

 []


Underfull \hbox (badness 10000) in paragraph at lines 557--560

 []


Underfull \hbox (badness 10000) in paragraph at lines 561--564

 []


Underfull \hbox (badness 10000) in paragraph at lines 565--568

 []


Underfull \hbox (badness 10000) in paragraph at lines 569--572

 []


Underfull \hbox (badness 10000) in paragraph at lines 573--576

 []

[9] [10] [11]
Overfull \hbox (15.29993pt too wide) in alignment at lines 659--664
 [] [] [] [] [] [] 
 []


Overfull \hbox (15.29993pt too wide) in alignment at lines 664--669
 [] [] [] [] [] [] 
 []


Overfull \hbox (15.29993pt too wide) in alignment at lines 669--671
 [] [] [] [] [] [] 
 []


Overfull \hbox (15.29993pt too wide) in alignment at lines 671--675
 [] [] [] [] [] [] 
 []


Overfull \hbox (15.29993pt too wide) in alignment at lines 675--717
 [] [] [] [] [] [] 
 []

[12]
Overfull \hbox (15.29993pt too wide) in alignment at lines 721--726
 [] [] [] [] [] [] 
 []


Overfull \hbox (15.29993pt too wide) in alignment at lines 726--731
 [] [] [] [] [] [] 
 []


Overfull \hbox (15.29993pt too wide) in alignment at lines 731--733
 [] [] [] [] [] [] 
 []


Overfull \hbox (15.29993pt too wide) in alignment at lines 733--737
 [] [] [] [] [] [] 
 []


Overfull \hbox (15.29993pt too wide) in alignment at lines 737--779
 [] [] [] [] [] [] 
 []

[13] (./Manuscript.aux)
Package rerunfilecheck Info: File `Manuscript.out' has not changed.
(rerunfilecheck)             Checksum: 858F9F395C179A05ACCA7FB32EB0176D;3947.
 ) 
Here is how much of TeX's memory you used:
 14946 strings out of 477984
 241358 string characters out of 5838151
 1932388 words of memory out of 5000000
 34651 multiletter control sequences out of 15000+600000
 583442 words of font info for 144 fonts, out of 8000000 for 9000
 14 hyphenation exceptions out of 8191
 63i,12n,67p,1880b,475s stack positions out of 10000i,1000n,20000p,200000b,200000s
{/Users/mahamilton/Library/TinyTeX/texmf-dist/fonts/enc/dvips/lm/lm-ec.enc}</Users/mahamilton/Library/TinyTeX/texmf-dist/fonts/type1/public/lm/lmbx10.pfb></Users/mahamilton/Library/TinyTeX/texmf-dist/fonts/type1/public/lm/lmbx12.pfb></Users/mahamilton/Library/TinyTeX/texmf-dist/fonts/type1/public/lm/lmbx9.pfb></Users/mahamilton/Library/TinyTeX/texmf-dist/fonts/type1/public/lm/lmr10.pfb></Users/mahamilton/Library/TinyTeX/texmf-dist/fonts/type1/public/lm/lmr12.pfb></Users/mahamilton/Library/TinyTeX/texmf-dist/fonts/type1/public/lm/lmr17.pfb></Users/mahamilton/Library/TinyTeX/texmf-dist/fonts/type1/public/lm/lmr7.pfb></Users/mahamilton/Library/TinyTeX/texmf-dist/fonts/type1/public/lm/lmr8.pfb></Users/mahamilton/Library/TinyTeX/texmf-dist/fonts/type1/public/lm/lmr9.pfb></Users/mahamilton/Library/TinyTeX/texmf-dist/fonts/type1/public/lm/lmri10.pfb>
Output written on Manuscript.pdf (13 pages, 2180547 bytes).
PDF statistics:
 305 PDF objects out of 1000 (max. 8388607)
 263 compressed objects within 3 object streams
 83 named destinations out of 1000 (max. 500000)
 39131 words of extra memory for PDF output out of 42996 (max. 10000000)

